Apache Maven 3.3.9 (bb52d8502b132ec0a5a3f4c09453c07478323dc5; 2015-11-11T00:41:47+08:00)
Maven home: /home/xiabai/tools/apache-maven-3.3.9
Java version: 1.8.0_144, vendor: Oracle Corporation
Java home: /usr/lib/jvm/java-1.8.0-openjdk-1.8.0.144-7.b01.fc26.x86_64/jre
Default locale: en_US, platform encoding: UTF-8
OS name: "linux", version: "4.11.8-300.fc26.x86_64", arch: "amd64", family: "unix"
[DEBUG] Created new class realm maven.api
[DEBUG] Importing foreign packages into class realm maven.api
[DEBUG]   Imported: javax.enterprise.inject.* < plexus.core
[DEBUG]   Imported: javax.enterprise.util.* < plexus.core
[DEBUG]   Imported: javax.inject.* < plexus.core
[DEBUG]   Imported: org.apache.maven.* < plexus.core
[DEBUG]   Imported: org.apache.maven.artifact < plexus.core
[DEBUG]   Imported: org.apache.maven.classrealm < plexus.core
[DEBUG]   Imported: org.apache.maven.cli < plexus.core
[DEBUG]   Imported: org.apache.maven.configuration < plexus.core
[DEBUG]   Imported: org.apache.maven.exception < plexus.core
[DEBUG]   Imported: org.apache.maven.execution < plexus.core
[DEBUG]   Imported: org.apache.maven.execution.scope < plexus.core
[DEBUG]   Imported: org.apache.maven.lifecycle < plexus.core
[DEBUG]   Imported: org.apache.maven.model < plexus.core
[DEBUG]   Imported: org.apache.maven.monitor < plexus.core
[DEBUG]   Imported: org.apache.maven.plugin < plexus.core
[DEBUG]   Imported: org.apache.maven.profiles < plexus.core
[DEBUG]   Imported: org.apache.maven.project < plexus.core
[DEBUG]   Imported: org.apache.maven.reporting < plexus.core
[DEBUG]   Imported: org.apache.maven.repository < plexus.core
[DEBUG]   Imported: org.apache.maven.rtinfo < plexus.core
[DEBUG]   Imported: org.apache.maven.settings < plexus.core
[DEBUG]   Imported: org.apache.maven.toolchain < plexus.core
[DEBUG]   Imported: org.apache.maven.usability < plexus.core
[DEBUG]   Imported: org.apache.maven.wagon.* < plexus.core
[DEBUG]   Imported: org.apache.maven.wagon.authentication < plexus.core
[DEBUG]   Imported: org.apache.maven.wagon.authorization < plexus.core
[DEBUG]   Imported: org.apache.maven.wagon.events < plexus.core
[DEBUG]   Imported: org.apache.maven.wagon.observers < plexus.core
[DEBUG]   Imported: org.apache.maven.wagon.proxy < plexus.core
[DEBUG]   Imported: org.apache.maven.wagon.repository < plexus.core
[DEBUG]   Imported: org.apache.maven.wagon.resource < plexus.core
[DEBUG]   Imported: org.codehaus.classworlds < plexus.core
[DEBUG]   Imported: org.codehaus.plexus.* < plexus.core
[DEBUG]   Imported: org.codehaus.plexus.classworlds < plexus.core
[DEBUG]   Imported: org.codehaus.plexus.component < plexus.core
[DEBUG]   Imported: org.codehaus.plexus.configuration < plexus.core
[DEBUG]   Imported: org.codehaus.plexus.container < plexus.core
[DEBUG]   Imported: org.codehaus.plexus.context < plexus.core
[DEBUG]   Imported: org.codehaus.plexus.lifecycle < plexus.core
[DEBUG]   Imported: org.codehaus.plexus.logging < plexus.core
[DEBUG]   Imported: org.codehaus.plexus.personality < plexus.core
[DEBUG]   Imported: org.codehaus.plexus.util.xml.Xpp3Dom < plexus.core
[DEBUG]   Imported: org.codehaus.plexus.util.xml.pull.XmlPullParser < plexus.core
[DEBUG]   Imported: org.codehaus.plexus.util.xml.pull.XmlPullParserException < plexus.core
[DEBUG]   Imported: org.codehaus.plexus.util.xml.pull.XmlSerializer < plexus.core
[DEBUG]   Imported: org.eclipse.aether.* < plexus.core
[DEBUG]   Imported: org.eclipse.aether.artifact < plexus.core
[DEBUG]   Imported: org.eclipse.aether.collection < plexus.core
[DEBUG]   Imported: org.eclipse.aether.deployment < plexus.core
[DEBUG]   Imported: org.eclipse.aether.graph < plexus.core
[DEBUG]   Imported: org.eclipse.aether.impl < plexus.core
[DEBUG]   Imported: org.eclipse.aether.installation < plexus.core
[DEBUG]   Imported: org.eclipse.aether.internal.impl < plexus.core
[DEBUG]   Imported: org.eclipse.aether.metadata < plexus.core
[DEBUG]   Imported: org.eclipse.aether.repository < plexus.core
[DEBUG]   Imported: org.eclipse.aether.resolution < plexus.core
[DEBUG]   Imported: org.eclipse.aether.spi < plexus.core
[DEBUG]   Imported: org.eclipse.aether.transfer < plexus.core
[DEBUG]   Imported: org.eclipse.aether.version < plexus.core
[DEBUG]   Imported: org.slf4j.* < plexus.core
[DEBUG]   Imported: org.slf4j.helpers.* < plexus.core
[DEBUG]   Imported: org.slf4j.spi.* < plexus.core
[DEBUG] Populating class realm maven.api
[INFO] Maven-Manipulation-Extension 2.4 ( SHA: ddc9adc5 ) 
[INFO] Error stacktraces are turned on.
[DEBUG] Reading global settings from /home/xiabai/tools/apache-maven-3.3.9/conf/settings.xml
[DEBUG] Reading user settings from /home/xiabai/.m2/settings.xml
[DEBUG] Reading global toolchains from /home/xiabai/tools/apache-maven-3.3.9/conf/toolchains.xml
[DEBUG] Reading user toolchains from /home/xiabai/.m2/toolchains.xml
[DEBUG] Using local repository at /home/xiabai/.m2/repository
[DEBUG] Using manager EnhancedLocalRepositoryManager with priority 10.0 for /home/xiabai/.m2/repository
DEBUG o.c.m.e.m.r.MavenLocationExpander - Configured to use Maven locations:
  SimpleLocation [uri=file:/home/xiabai/.m2/repository/]
  SimpleLocation [uri=https://repo.maven.apache.org/maven2/]
  SimpleLocation [uri=https://oss.sonatype.org/content/repositories/releases/]
DEBUG o.c.m.ext.manip.ManipulationManager - Initialising manipulator RESTManipulator
DEBUG o.c.m.ext.manip.ManipulationManager - Initialising manipulator RelocationManipulator
DEBUG o.c.m.ext.manip.ManipulationManager - Initialising manipulator ProjectVersioningManipulator
DEBUG o.c.m.ext.manip.ManipulationManager - Initialising manipulator PropertyManipulator
DEBUG o.c.m.ext.manip.ManipulationManager - Initialising manipulator PluginManipulator
DEBUG o.c.m.ext.manip.ManipulationManager - Initialising manipulator DependencyManipulator
DEBUG o.c.m.ext.manip.ManipulationManager - Initialising manipulator ProfileInjectionManipulator
DEBUG o.c.m.ext.manip.ManipulationManager - Initialising manipulator RepoAndReportingRemovalManipulator
DEBUG o.c.m.ext.manip.ManipulationManager - Initialising manipulator PluginRemovalManipulator
DEBUG o.c.m.ext.manip.ManipulationManager - Initialising manipulator ProfileRemovalManipulator
DEBUG o.c.m.ext.manip.ManipulationManager - Initialising manipulator ProjectSourcesInjectingManipulator
DEBUG o.c.m.ext.manip.ManipulationManager - Initialising manipulator ProjectVersionEnforcingManipulator
DEBUG o.c.m.ext.manip.ManipulationManager - Initialising manipulator DistributionEnforcingManipulator
DEBUG o.c.m.ext.manip.ManipulationManager - Initialising manipulator RepositoryInjectionManipulator
DEBUG o.c.m.ext.manip.ManipulationManager - Initialising manipulator XMLManipulator
DEBUG o.c.m.ext.manip.ManipulationManager - Initialising manipulator JSONManipulator
DEBUG o.c.m.ext.manip.ManipulationManager - Initialising manipulator GroovyManipulator
DEBUG o.c.maven.ext.manip.io.PomIO - PEEK: /home/xiabai/git/indy-logback-appender/pom.xml
DEBUG o.c.maven.ext.manip.io.PomIO - Setting top level parent to /home/xiabai/git/indy-logback-appender/pom.xml :: org.commonjava:indy-logback-appender:1.3
DEBUG o.c.maven.ext.manip.io.PomIO - Found a standalone pom /home/xiabai/git/indy-logback-appender/pom.xml :: org.commonjava:indy-logback-appender:1.3
DEBUG o.c.maven.ext.manip.io.PomIO - Setting execution root to org.commonjava:indy-logback-appender:1.3 [pom=/home/xiabai/git/indy-logback-appender/pom.xml] with file /home/xiabai/git/indy-logback-appender/pom.xml and is the inheritance root. 
DEBUG o.c.m.ext.manip.impl.RESTManipulator - RESTManipulator: Nothing to do!
DEBUG o.c.m.e.m.i.ProjectVersioningManipulator - Version Manipulator: Nothing to do!
DEBUG o.c.m.ext.manip.ManipulationManager - Got org.commonjava:indy-logback-appender:1.3 [pom=/home/xiabai/git/indy-logback-appender/pom.xml] (POM: /home/xiabai/git/indy-logback-appender/pom.xml)
DEBUG o.c.m.e.m.impl.RelocationManipulator - RelocationManipulator: Nothing to do!
DEBUG o.c.m.e.m.i.ProjectVersioningManipulator - ProjectVersioningManipulator: Nothing to do!
DEBUG o.c.m.e.m.impl.PropertyManipulator - PropertyManipulator: Nothing to do!
DEBUG o.c.m.e.manip.impl.PluginManipulator - PluginManipulator: Nothing to do!
DEBUG o.c.m.e.m.impl.DependencyManipulator - DependencyManipulator: Nothing to do!
DEBUG o.c.m.e.m.i.ProfileInjectionManipulator - ProfileInjectionManipulator: Nothing to do!
DEBUG o.c.m.e.m.i.RepoAndReportingRemovalManipulator - RepoAndReportingRemovalManipulator: Nothing to do!
DEBUG o.c.m.e.m.i.PluginRemovalManipulator - PluginRemovalManipulator: Nothing to do!
DEBUG o.c.m.e.m.i.ProfileRemovalManipulator - ProfileRemovalManipulator: Nothing to do!
DEBUG o.c.m.e.m.i.ProjectVersionEnforcingManipulator - Project version enforcement is disabled.
DEBUG o.c.m.e.m.i.DistributionEnforcingManipulator - Distribution skip-flag enforcement is disabled.
DEBUG o.c.m.e.m.i.RepositoryInjectionManipulator - RepositoryInjectionManipulator: Nothing to do!
DEBUG o.c.m.ext.manip.impl.XMLManipulator - XMLManipulator: Nothing to do!
DEBUG o.c.m.ext.manip.impl.JSONManipulator - JSONManipulator: Nothing to do!
DEBUG o.c.m.e.manip.impl.GroovyManipulator - GroovyManipulator: Nothing to do!
INFO o.c.m.ext.manip.ManipulationManager - Maven-Manipulation-Extension: No changes.
INFO o.c.m.ext.manip.ManipulationManager - Maven-Manipulation-Extension: Finished.
[INFO] Scanning for projects...
[DEBUG] Extension realms for project org.commonjava:indy-logback-appender:jar:1.3: (none)
[DEBUG] Looking up lifecyle mappings for packaging jar from ClassRealm[plexus.core, parent: null]
[DEBUG] Resolving plugin prefix release from [org.apache.maven.plugins, org.codehaus.mojo]
[DEBUG] Resolved plugin prefix release to org.apache.maven.plugins:maven-release-plugin from POM org.commonjava:indy-logback-appender:jar:1.3
[DEBUG] Resolving plugin prefix release from [org.apache.maven.plugins, org.codehaus.mojo]
[DEBUG] Resolved plugin prefix release to org.apache.maven.plugins:maven-release-plugin from POM org.commonjava:indy-logback-appender:jar:1.3
[DEBUG] === REACTOR BUILD PLAN ================================================
[DEBUG] Project: org.commonjava:indy-logback-appender:jar:1.3
[DEBUG] Tasks:   [clean]
[DEBUG] Style:   Regular
[DEBUG] -----------------------------------------------------------------------
[DEBUG] Project: org.commonjava:indy-logback-appender:jar:1.3
[DEBUG] Tasks:   [release:prepare, release:perform]
[DEBUG] Style:   Aggregating
[DEBUG] =======================================================================
[INFO]                                                                         
[INFO] ------------------------------------------------------------------------
[INFO] Building indy-logback-appender 1.3
[INFO] ------------------------------------------------------------------------
[DEBUG] Lifecycle default -> [validate, initialize, generate-sources, process-sources, generate-resources, process-resources, compile, process-classes, generate-test-sources, process-test-sources, generate-test-resources, process-test-resources, test-compile, process-test-classes, test, prepare-package, package, pre-integration-test, integration-test, post-integration-test, verify, install, deploy]
[DEBUG] Lifecycle clean -> [pre-clean, clean, post-clean]
[DEBUG] Lifecycle site -> [pre-site, site, post-site, site-deploy]
[DEBUG] Lifecycle default -> [validate, initialize, generate-sources, process-sources, generate-resources, process-resources, compile, process-classes, generate-test-sources, process-test-sources, generate-test-resources, process-test-resources, test-compile, process-test-classes, test, prepare-package, package, pre-integration-test, integration-test, post-integration-test, verify, install, deploy]
[DEBUG] Lifecycle clean -> [pre-clean, clean, post-clean]
[DEBUG] Lifecycle site -> [pre-site, site, post-site, site-deploy]
[DEBUG] === PROJECT BUILD PLAN ================================================
[DEBUG] Project:       org.commonjava:indy-logback-appender:1.3
[DEBUG] Dependencies (collect): []
[DEBUG] Dependencies (resolve): []
[DEBUG] Repositories (dependencies): [central (https://repo.maven.apache.org/maven2/, default, releases+snapshots), sonatype-nexus-staging (https://oss.sonatype.org/content/repositories/releases/, default, releases+snapshots)]
[DEBUG] Repositories (plugins)     : [central (https://repo.maven.apache.org/maven2/, default, releases+snapshots), sonatype-nexus-staging (https://oss.sonatype.org/content/repositories/releases/, default, releases+snapshots)]
[DEBUG] -----------------------------------------------------------------------
[DEBUG] Goal:          org.apache.maven.plugins:maven-clean-plugin:2.5:clean (default-clean)
[DEBUG] Style:         Regular
[DEBUG] Configuration: <?xml version="1.0" encoding="UTF-8"?>
<configuration>
  <directory default-value="${project.build.directory}"/>
  <excludeDefaultDirectories default-value="false">${clean.excludeDefaultDirectories}</excludeDefaultDirectories>
  <failOnError default-value="true">${maven.clean.failOnError}</failOnError>
  <followSymLinks default-value="false">${clean.followSymLinks}</followSymLinks>
  <outputDirectory default-value="${project.build.outputDirectory}"/>
  <reportDirectory default-value="${project.reporting.outputDirectory}"/>
  <retryOnError default-value="true">${maven.clean.retryOnError}</retryOnError>
  <skip default-value="false">${clean.skip}</skip>
  <testOutputDirectory default-value="${project.build.testOutputDirectory}"/>
  <verbose>${clean.verbose}</verbose>
</configuration>
[DEBUG] =======================================================================
[INFO] 
[INFO] --- maven-clean-plugin:2.5:clean (default-clean) @ indy-logback-appender ---
[DEBUG] Dependency collection stats: {ConflictMarker.analyzeTime=2, ConflictMarker.markTime=0, ConflictMarker.nodeCount=3, ConflictIdSorter.graphTime=0, ConflictIdSorter.topsortTime=1, ConflictIdSorter.conflictIdCount=3, ConflictIdSorter.conflictIdCycleCount=0, ConflictResolver.totalTime=8, ConflictResolver.conflictItemCount=3, DefaultDependencyCollector.collectTime=40, DefaultDependencyCollector.transformTime=19}
[DEBUG] org.apache.maven.plugins:maven-clean-plugin:jar:2.5:
[DEBUG]    org.apache.maven:maven-plugin-api:jar:2.0.6:compile
[DEBUG]    org.codehaus.plexus:plexus-utils:jar:3.0:compile
[DEBUG] Created new class realm plugin>org.apache.maven.plugins:maven-clean-plugin:2.5
[DEBUG] Importing foreign packages into class realm plugin>org.apache.maven.plugins:maven-clean-plugin:2.5
[DEBUG]   Imported:  < maven.api
[DEBUG] Populating class realm plugin>org.apache.maven.plugins:maven-clean-plugin:2.5
[DEBUG]   Included: org.apache.maven.plugins:maven-clean-plugin:jar:2.5
[DEBUG]   Included: org.codehaus.plexus:plexus-utils:jar:3.0
[DEBUG] Configuring mojo org.apache.maven.plugins:maven-clean-plugin:2.5:clean from plugin realm ClassRealm[plugin>org.apache.maven.plugins:maven-clean-plugin:2.5, parent: sun.misc.Launcher$AppClassLoader@70dea4e]
[DEBUG] Configuring mojo 'org.apache.maven.plugins:maven-clean-plugin:2.5:clean' with basic configurator -->
[DEBUG]   (f) directory = /home/xiabai/git/indy-logback-appender/target
[DEBUG]   (f) excludeDefaultDirectories = false
[DEBUG]   (f) failOnError = true
[DEBUG]   (f) followSymLinks = false
[DEBUG]   (f) outputDirectory = /home/xiabai/git/indy-logback-appender/target/classes
[DEBUG]   (f) reportDirectory = /home/xiabai/git/indy-logback-appender/target/site
[DEBUG]   (f) retryOnError = true
[DEBUG]   (f) skip = false
[DEBUG]   (f) testOutputDirectory = /home/xiabai/git/indy-logback-appender/target/test-classes
[DEBUG] -- end configuration --
[DEBUG] Skipping non-existing directory /home/xiabai/git/indy-logback-appender/target
[DEBUG] Skipping non-existing directory /home/xiabai/git/indy-logback-appender/target/classes
[DEBUG] Skipping non-existing directory /home/xiabai/git/indy-logback-appender/target/test-classes
[DEBUG] Skipping non-existing directory /home/xiabai/git/indy-logback-appender/target/site
[INFO]                                                                         
[INFO] ------------------------------------------------------------------------
[INFO] Building indy-logback-appender 1.3
[INFO] ------------------------------------------------------------------------
[DEBUG] Resolving plugin prefix release from [org.apache.maven.plugins, org.codehaus.mojo]
[DEBUG] Resolved plugin prefix release to org.apache.maven.plugins:maven-release-plugin from POM org.commonjava:indy-logback-appender:jar:1.3
[DEBUG] Resolving plugin prefix release from [org.apache.maven.plugins, org.codehaus.mojo]
[DEBUG] Resolved plugin prefix release to org.apache.maven.plugins:maven-release-plugin from POM org.commonjava:indy-logback-appender:jar:1.3
[DEBUG] Lifecycle default -> [validate, initialize, generate-sources, process-sources, generate-resources, process-resources, compile, process-classes, generate-test-sources, process-test-sources, generate-test-resources, process-test-resources, test-compile, process-test-classes, test, prepare-package, package, pre-integration-test, integration-test, post-integration-test, verify, install, deploy]
[DEBUG] Lifecycle clean -> [pre-clean, clean, post-clean]
[DEBUG] Lifecycle site -> [pre-site, site, post-site, site-deploy]
[DEBUG] === PROJECT BUILD PLAN ================================================
[DEBUG] Project:       org.commonjava:indy-logback-appender:1.3
[DEBUG] Dependencies (collect): []
[DEBUG] Dependencies (resolve): []
[DEBUG] Repositories (dependencies): [central (https://repo.maven.apache.org/maven2/, default, releases+snapshots), sonatype-nexus-staging (https://oss.sonatype.org/content/repositories/releases/, default, releases+snapshots)]
[DEBUG] Repositories (plugins)     : [central (https://repo.maven.apache.org/maven2/, default, releases+snapshots), sonatype-nexus-staging (https://oss.sonatype.org/content/repositories/releases/, default, releases+snapshots)]
[DEBUG] -----------------------------------------------------------------------
[DEBUG] Goal:          org.apache.maven.plugins:maven-release-plugin:2.3.2:prepare (default-cli)
[DEBUG] Style:         Aggregating
[DEBUG] Configuration: <?xml version="1.0" encoding="UTF-8"?>
<configuration>
  <addSchema default-value="true">${addSchema}</addSchema>
  <allowReleasePluginSnapshot default-value="false">${allowReleasePluginSnapshot}</allowReleasePluginSnapshot>
  <allowTimestampedSnapshots default-value="false">${ignoreSnapshots}</allowTimestampedSnapshots>
  <arguments>${arguments}</arguments>
  <autoVersionSubmodules default-value="false">${autoVersionSubmodules}</autoVersionSubmodules>
  <basedir default-value="${basedir}"/>
  <checkModificationExcludeList>${checkModificationExcludeList}</checkModificationExcludeList>
  <commitByProject default-value="false">${commitByProject}</commitByProject>
  <completionGoals default-value="">${completionGoals}</completionGoals>
  <developmentVersion>${developmentVersion}</developmentVersion>
  <dryRun default-value="false">${dryRun}</dryRun>
  <generateReleasePoms default-value="false">${generateReleasePoms}</generateReleasePoms>
  <javaHome default-value="${java.home}"/>
  <localCheckout default-value="false">${localCheckout}</localCheckout>
  <localRepoDirectory default-value="${maven.repo.local}"/>
  <mavenExecutorId default-value="invoker">${mavenExecutorId}</mavenExecutorId>
  <mavenHome default-value="${maven.home}"/>
  <password>${password}</password>
  <pomFileName>${pomFileName}</pomFileName>
  <preparationGoals default-value="clean verify">${preparationGoals}</preparationGoals>
  <project default-value="${project}"/>
  <pushChanges default-value="true">${pushChanges}</pushChanges>
  <reactorProjects default-value="${reactorProjects}"/>
  <releaseVersion>${releaseVersion}</releaseVersion>
  <remoteTagging default-value="true">${remoteTagging}</remoteTagging>
  <resume default-value="true">${resume}</resume>
  <scmCommentPrefix default-value="[maven-release-plugin] ">${scmCommentPrefix}</scmCommentPrefix>
  <session default-value="${session}"/>
  <settings default-value="${settings}"/>
  <suppressCommitBeforeTag default-value="false">${suppressCommitBeforeTag}</suppressCommitBeforeTag>
  <tag>${tag}</tag>
  <tagBase>${tagBase}</tagBase>
  <tagNameFormat default-value="@{project.artifactId}-@{project.version}">${tagNameFormat}</tagNameFormat>
  <updateDependencies default-value="true">${updateDependencies}</updateDependencies>
  <updateWorkingCopyVersions default-value="true">${updateWorkingCopyVersions}</updateWorkingCopyVersions>
  <useEditMode default-value="false">${useEditMode}</useEditMode>
  <username>${username}</username>
  <waitBeforeTagging default-value="0">${waitBeforeTagging}</waitBeforeTagging>
</configuration>
[DEBUG] -----------------------------------------------------------------------
[DEBUG] Goal:          org.apache.maven.plugins:maven-release-plugin:2.3.2:perform (default-cli)
[DEBUG] Style:         Aggregating
[DEBUG] Configuration: <?xml version="1.0" encoding="UTF-8"?>
<configuration>
  <arguments>${arguments}</arguments>
  <basedir default-value="${basedir}"/>
  <connectionUrl>${connectionUrl}</connectionUrl>
  <dryRun default-value="false">${dryRun}</dryRun>
  <goals>${goals}</goals>
  <javaHome default-value="${java.home}"/>
  <localCheckout default-value="false">${localCheckout}</localCheckout>
  <localRepoDirectory default-value="${maven.repo.local}"/>
  <mavenExecutorId default-value="invoker">${mavenExecutorId}</mavenExecutorId>
  <mavenHome default-value="${maven.home}"/>
  <password>${password}</password>
  <pomFileName>${pomFileName}</pomFileName>
  <project default-value="${project}"/>
  <pushChanges default-value="true">${pushChanges}</pushChanges>
  <reactorProjects default-value="${reactorProjects}"/>
  <releaseProfiles>${releaseProfiles}</releaseProfiles>
  <scmCommentPrefix default-value="[maven-release-plugin] ">${scmCommentPrefix}</scmCommentPrefix>
  <session default-value="${session}"/>
  <settings default-value="${settings}"/>
  <tag>${tag}</tag>
  <tagBase>${tagBase}</tagBase>
  <tagNameFormat default-value="@{project.artifactId}-@{project.version}">${tagNameFormat}</tagNameFormat>
  <useReleaseProfile default-value="true">${useReleaseProfile}</useReleaseProfile>
  <username>${username}</username>
  <workingDirectory default-value="${project.build.directory}/checkout">${workingDirectory}</workingDirectory>
</configuration>
[DEBUG] =======================================================================
[INFO] 
[INFO] --- maven-release-plugin:2.3.2:prepare (default-cli) @ indy-logback-appender ---
[DEBUG] Dependency collection stats: {ConflictMarker.analyzeTime=1, ConflictMarker.markTime=1, ConflictMarker.nodeCount=183, ConflictIdSorter.graphTime=0, ConflictIdSorter.topsortTime=0, ConflictIdSorter.conflictIdCount=65, ConflictIdSorter.conflictIdCycleCount=0, ConflictResolver.totalTime=10, ConflictResolver.conflictItemCount=173, DefaultDependencyCollector.collectTime=364, DefaultDependencyCollector.transformTime=12}
[DEBUG] org.apache.maven.plugins:maven-release-plugin:jar:2.3.2:
[DEBUG]    org.apache.maven:maven-plugin-api:jar:2.2.1:compile
[DEBUG]    org.apache.maven.release:maven-release-manager:jar:2.3.2:compile
[DEBUG]       org.codehaus.plexus:plexus-container-default:jar:1.0-alpha-9:compile
[DEBUG]          junit:junit:jar:3.8.1:compile
[DEBUG]       org.codehaus.plexus:plexus-interactivity-api:jar:1.0-alpha-6:compile
[DEBUG]       org.codehaus.plexus:plexus-interpolation:jar:1.14:compile
[DEBUG]       org.sonatype.plexus:plexus-sec-dispatcher:jar:1.3:compile
[DEBUG]          org.sonatype.plexus:plexus-cipher:jar:1.4:compile
[DEBUG]       org.apache.maven:maven-artifact:jar:2.2.1:compile
[DEBUG]       org.apache.maven:maven-artifact-manager:jar:2.2.1:compile
[DEBUG]          backport-util-concurrent:backport-util-concurrent:jar:3.1:compile
[DEBUG]       org.apache.maven.shared:maven-invoker:jar:2.0.9:compile
[DEBUG]       commons-lang:commons-lang:jar:2.4:compile
[DEBUG]       commons-cli:commons-cli:jar:1.0:compile
[DEBUG]          commons-logging:commons-logging:jar:1.0:compile
[DEBUG]       org.apache.maven.scm:maven-scm-providers-standard:pom:1.7:runtime
[DEBUG]          org.apache.maven.scm:maven-scm-provider-accurev:jar:1.7:runtime
[DEBUG]          org.apache.maven.scm:maven-scm-provider-bazaar:jar:1.7:runtime
[DEBUG]             regexp:regexp:jar:1.3:runtime
[DEBUG]          org.apache.maven.scm:maven-scm-provider-clearcase:jar:1.7:runtime
[DEBUG]          org.apache.maven.scm:maven-scm-provider-cvsexe:jar:1.7:runtime
[DEBUG]             org.apache.maven.scm:maven-scm-provider-cvs-commons:jar:1.7:runtime
[DEBUG]          org.apache.maven.scm:maven-scm-provider-cvsjava:jar:1.7:runtime
[DEBUG]             org.netbeans.lib:cvsclient:jar:20060125:runtime
[DEBUG]             ch.ethz.ganymed:ganymed-ssh2:jar:build210:runtime
[DEBUG]          org.apache.maven.scm:maven-scm-provider-gitexe:jar:1.7:runtime
[DEBUG]             org.apache.maven.scm:maven-scm-provider-git-commons:jar:1.7:runtime
[DEBUG]          org.apache.maven.scm:maven-scm-provider-hg:jar:1.7:runtime
[DEBUG]          org.apache.maven.scm:maven-scm-provider-perforce:jar:1.7:runtime
[DEBUG]          org.apache.maven.scm:maven-scm-provider-starteam:jar:1.7:runtime
[DEBUG]          org.apache.maven.scm:maven-scm-provider-svnexe:jar:1.7:runtime
[DEBUG]          org.apache.maven.scm:maven-scm-provider-synergy:jar:1.7:runtime
[DEBUG]          org.apache.maven.scm:maven-scm-provider-vss:jar:1.7:runtime
[DEBUG]          org.apache.maven.scm:maven-scm-provider-tfs:jar:1.7:runtime
[DEBUG]          org.apache.maven.scm:maven-scm-provider-integrity:jar:1.7:runtime
[DEBUG]             com.mks.api:mksapi-jar:jar:4.10.9049:runtime
[DEBUG]             org.codehaus.groovy:groovy-all:jar:1.7.6:runtime
[DEBUG]          org.apache.maven.scm:maven-scm-provider-jazz:jar:1.7:runtime
[DEBUG]       org.apache.maven.scm:maven-scm-manager-plexus:jar:1.7:runtime
[DEBUG]       org.apache.maven.scm:maven-scm-provider-svn-commons:jar:1.7:compile
[DEBUG]       jaxen:jaxen:jar:1.1-beta-8:runtime
[DEBUG]          jdom:jdom:jar:1.0:runtime
[DEBUG]    org.apache.maven:maven-model:jar:2.2.1:compile
[DEBUG]    org.apache.maven:maven-core:jar:2.2.1:compile
[DEBUG]       org.apache.maven:maven-plugin-parameter-documenter:jar:2.2.1:compile
[DEBUG]       org.slf4j:slf4j-jdk14:jar:1.5.6:runtime
[DEBUG]          org.slf4j:slf4j-api:jar:1.5.6:runtime
[DEBUG]       org.slf4j:jcl-over-slf4j:jar:1.5.6:runtime
[DEBUG]       org.apache.maven.reporting:maven-reporting-api:jar:2.2.1:compile
[DEBUG]          org.apache.maven.doxia:doxia-sink-api:jar:1.1:compile
[DEBUG]          org.apache.maven.doxia:doxia-logging-api:jar:1.1:compile
[DEBUG]       org.apache.maven:maven-profile:jar:2.2.1:compile
[DEBUG]       org.apache.maven:maven-repository-metadata:jar:2.2.1:compile
[DEBUG]       org.apache.maven:maven-error-diagnostics:jar:2.2.1:compile
[DEBUG]       org.apache.maven:maven-plugin-descriptor:jar:2.2.1:compile
[DEBUG]       org.apache.maven:maven-monitor:jar:2.2.1:compile
[DEBUG]       classworlds:classworlds:jar:1.1:compile
[DEBUG]    org.apache.maven:maven-project:jar:2.2.1:compile
[DEBUG]       org.apache.maven:maven-plugin-registry:jar:2.2.1:compile
[DEBUG]    org.apache.maven:maven-settings:jar:2.2.1:compile
[DEBUG]    org.apache.maven.scm:maven-scm-api:jar:1.7:compile
[DEBUG]    org.codehaus.plexus:plexus-utils:jar:3.0:compile
[DEBUG]    org.jdom:jdom:jar:1.1:compile
[DEBUG] Created new class realm plugin>org.apache.maven.plugins:maven-release-plugin:2.3.2
[DEBUG] Importing foreign packages into class realm plugin>org.apache.maven.plugins:maven-release-plugin:2.3.2
[DEBUG]   Imported:  < maven.api
[DEBUG] Populating class realm plugin>org.apache.maven.plugins:maven-release-plugin:2.3.2
[DEBUG]   Included: org.apache.maven.plugins:maven-release-plugin:jar:2.3.2
[DEBUG]   Included: org.apache.maven.release:maven-release-manager:jar:2.3.2
[DEBUG]   Included: junit:junit:jar:3.8.1
[DEBUG]   Included: org.codehaus.plexus:plexus-interactivity-api:jar:1.0-alpha-6
[DEBUG]   Included: org.codehaus.plexus:plexus-interpolation:jar:1.14
[DEBUG]   Included: org.sonatype.plexus:plexus-sec-dispatcher:jar:1.3
[DEBUG]   Included: org.sonatype.plexus:plexus-cipher:jar:1.4
[DEBUG]   Included: backport-util-concurrent:backport-util-concurrent:jar:3.1
[DEBUG]   Included: org.apache.maven.shared:maven-invoker:jar:2.0.9
[DEBUG]   Included: commons-lang:commons-lang:jar:2.4
[DEBUG]   Included: commons-cli:commons-cli:jar:1.0
[DEBUG]   Included: commons-logging:commons-logging:jar:1.0
[DEBUG]   Included: org.apache.maven.scm:maven-scm-providers-standard:pom:1.7
[DEBUG]   Included: org.apache.maven.scm:maven-scm-provider-accurev:jar:1.7
[DEBUG]   Included: org.apache.maven.scm:maven-scm-provider-bazaar:jar:1.7
[DEBUG]   Included: regexp:regexp:jar:1.3
[DEBUG]   Included: org.apache.maven.scm:maven-scm-provider-clearcase:jar:1.7
[DEBUG]   Included: org.apache.maven.scm:maven-scm-provider-cvsexe:jar:1.7
[DEBUG]   Included: org.apache.maven.scm:maven-scm-provider-cvs-commons:jar:1.7
[DEBUG]   Included: org.apache.maven.scm:maven-scm-provider-cvsjava:jar:1.7
[DEBUG]   Included: org.netbeans.lib:cvsclient:jar:20060125
[DEBUG]   Included: ch.ethz.ganymed:ganymed-ssh2:jar:build210
[DEBUG]   Included: org.apache.maven.scm:maven-scm-provider-gitexe:jar:1.7
[DEBUG]   Included: org.apache.maven.scm:maven-scm-provider-git-commons:jar:1.7
[DEBUG]   Included: org.apache.maven.scm:maven-scm-provider-hg:jar:1.7
[DEBUG]   Included: org.apache.maven.scm:maven-scm-provider-perforce:jar:1.7
[DEBUG]   Included: org.apache.maven.scm:maven-scm-provider-starteam:jar:1.7
[DEBUG]   Included: org.apache.maven.scm:maven-scm-provider-svnexe:jar:1.7
[DEBUG]   Included: org.apache.maven.scm:maven-scm-provider-synergy:jar:1.7
[DEBUG]   Included: org.apache.maven.scm:maven-scm-provider-vss:jar:1.7
[DEBUG]   Included: org.apache.maven.scm:maven-scm-provider-tfs:jar:1.7
[DEBUG]   Included: org.apache.maven.scm:maven-scm-provider-integrity:jar:1.7
[DEBUG]   Included: com.mks.api:mksapi-jar:jar:4.10.9049
[DEBUG]   Included: org.codehaus.groovy:groovy-all:jar:1.7.6
[DEBUG]   Included: org.apache.maven.scm:maven-scm-provider-jazz:jar:1.7
[DEBUG]   Included: org.apache.maven.scm:maven-scm-manager-plexus:jar:1.7
[DEBUG]   Included: org.apache.maven.scm:maven-scm-provider-svn-commons:jar:1.7
[DEBUG]   Included: jaxen:jaxen:jar:1.1-beta-8
[DEBUG]   Included: jdom:jdom:jar:1.0
[DEBUG]   Included: org.slf4j:slf4j-jdk14:jar:1.5.6
[DEBUG]   Included: org.slf4j:jcl-over-slf4j:jar:1.5.6
[DEBUG]   Included: org.apache.maven.reporting:maven-reporting-api:jar:2.2.1
[DEBUG]   Included: org.apache.maven.doxia:doxia-sink-api:jar:1.1
[DEBUG]   Included: org.apache.maven.doxia:doxia-logging-api:jar:1.1
[DEBUG]   Included: org.apache.maven.scm:maven-scm-api:jar:1.7
[DEBUG]   Included: org.codehaus.plexus:plexus-utils:jar:3.0
[DEBUG]   Included: org.jdom:jdom:jar:1.1
[DEBUG] Configuring mojo org.apache.maven.plugins:maven-release-plugin:2.3.2:prepare from plugin realm ClassRealm[plugin>org.apache.maven.plugins:maven-release-plugin:2.3.2, parent: sun.misc.Launcher$AppClassLoader@70dea4e]
[DEBUG] Configuring mojo 'org.apache.maven.plugins:maven-release-plugin:2.3.2:prepare' with basic configurator -->
[DEBUG]   (f) addSchema = true
[DEBUG]   (f) allowReleasePluginSnapshot = false
[DEBUG]   (f) allowTimestampedSnapshots = false
[DEBUG]   (f) autoVersionSubmodules = false
[DEBUG]   (s) basedir = /home/xiabai/git/indy-logback-appender
[DEBUG]   (f) commitByProject = false
[DEBUG]   (f) dryRun = false
[DEBUG]   (f) generateReleasePoms = false
[DEBUG]   (f) javaHome = /usr/lib/jvm/java-1.8.0-openjdk-1.8.0.144-7.b01.fc26.x86_64/jre
[DEBUG]   (f) localCheckout = false
[DEBUG]   (f) mavenExecutorId = invoker
[DEBUG]   (f) mavenHome = /home/xiabai/tools/apache-maven-3.3.9
[DEBUG]   (f) preparationGoals = clean verify
[DEBUG]   (f) project = MavenProject: org.commonjava:indy-logback-appender:1.3 @ /home/xiabai/git/indy-logback-appender/pom.xml
[DEBUG]   (f) pushChanges = true
[DEBUG]   (f) reactorProjects = [MavenProject: org.commonjava:indy-logback-appender:1.3 @ /home/xiabai/git/indy-logback-appender/pom.xml]
[DEBUG]   (f) remoteTagging = true
[DEBUG]   (f) resume = true
[DEBUG]   (f) scmCommentPrefix = [maven-release-plugin] 
[DEBUG]   (f) session = org.apache.maven.execution.MavenSession@64968732
[DEBUG]   (f) settings = org.apache.maven.execution.SettingsAdapter@6fd12c5
[DEBUG]   (f) suppressCommitBeforeTag = false
[DEBUG]   (f) tagNameFormat = @{project.artifactId}-@{project.version}
[DEBUG]   (f) updateDependencies = true
[DEBUG]   (f) updateWorkingCopyVersions = true
[DEBUG]   (f) useEditMode = false
[DEBUG]   (f) waitBeforeTagging = 0
[DEBUG] -- end configuration --
[DEBUG] release.properties not found - using empty properties
[INFO] ------------------------------------------------------------------------
[INFO] BUILD FAILURE
[INFO] ------------------------------------------------------------------------
[INFO] Total time: 2.170 s
[INFO] Finished at: 2017-11-09T10:17:06+08:00
[INFO] Final Memory: 15M/155M
[INFO] ------------------------------------------------------------------------
[ERROR] Failed to execute goal org.apache.maven.plugins:maven-release-plugin:2.3.2:prepare (default-cli) on project indy-logback-appender: You don't have a SNAPSHOT project in the reactor projects list. -> [Help 1]
org.apache.maven.lifecycle.LifecycleExecutionException: Failed to execute goal org.apache.maven.plugins:maven-release-plugin:2.3.2:prepare (default-cli) on project indy-logback-appender: You don't have a SNAPSHOT project in the reactor projects list.
	at org.apache.maven.lifecycle.internal.MojoExecutor.execute(MojoExecutor.java:212)
	at org.apache.maven.lifecycle.internal.MojoExecutor.execute(MojoExecutor.java:153)
	at org.apache.maven.lifecycle.internal.MojoExecutor.execute(MojoExecutor.java:145)
	at org.apache.maven.lifecycle.internal.LifecycleModuleBuilder.buildProject(LifecycleModuleBuilder.java:116)
	at org.apache.maven.lifecycle.internal.LifecycleModuleBuilder.buildProject(LifecycleModuleBuilder.java:80)
	at org.apache.maven.lifecycle.internal.builder.singlethreaded.SingleThreadedBuilder.build(SingleThreadedBuilder.java:51)
	at org.apache.maven.lifecycle.internal.LifecycleStarter.execute(LifecycleStarter.java:128)
	at org.apache.maven.DefaultMaven.doExecute(DefaultMaven.java:307)
	at org.apache.maven.DefaultMaven.doExecute(DefaultMaven.java:193)
	at org.apache.maven.DefaultMaven.execute(DefaultMaven.java:106)
	at org.apache.maven.cli.MavenCli.execute(MavenCli.java:863)
	at org.apache.maven.cli.MavenCli.doMain(MavenCli.java:288)
	at org.apache.maven.cli.MavenCli.main(MavenCli.java:199)
	at sun.reflect.NativeMethodAccessorImpl.invoke0(Native Method)
	at sun.reflect.NativeMethodAccessorImpl.invoke(NativeMethodAccessorImpl.java:62)
	at sun.reflect.DelegatingMethodAccessorImpl.invoke(DelegatingMethodAccessorImpl.java:43)
	at java.lang.reflect.Method.invoke(Method.java:498)
	at org.codehaus.plexus.classworlds.launcher.Launcher.launchEnhanced(Launcher.java:289)
	at org.codehaus.plexus.classworlds.launcher.Launcher.launch(Launcher.java:229)
	at org.codehaus.plexus.classworlds.launcher.Launcher.mainWithExitCode(Launcher.java:415)
	at org.codehaus.plexus.classworlds.launcher.Launcher.main(Launcher.java:356)
Caused by: org.apache.maven.plugin.MojoFailureException: You don't have a SNAPSHOT project in the reactor projects list.
	at org.apache.maven.plugins.release.PrepareReleaseMojo.prepareRelease(PrepareReleaseMojo.java:299)
	at org.apache.maven.plugins.release.PrepareReleaseMojo.execute(PrepareReleaseMojo.java:247)
	at org.apache.maven.plugin.DefaultBuildPluginManager.executeMojo(DefaultBuildPluginManager.java:134)
	at org.apache.maven.lifecycle.internal.MojoExecutor.execute(MojoExecutor.java:207)
	... 20 more
Caused by: org.apache.maven.shared.release.ReleaseFailureException: You don't have a SNAPSHOT project in the reactor projects list.
	at org.apache.maven.shared.release.phase.CheckPomPhase.execute(CheckPomPhase.java:111)
	at org.apache.maven.shared.release.DefaultReleaseManager.prepare(DefaultReleaseManager.java:234)
	at org.apache.maven.shared.release.DefaultReleaseManager.prepare(DefaultReleaseManager.java:169)
	at org.apache.maven.shared.release.DefaultReleaseManager.prepare(DefaultReleaseManager.java:146)
	at org.apache.maven.shared.release.DefaultReleaseManager.prepare(DefaultReleaseManager.java:107)
	at org.apache.maven.plugins.release.PrepareReleaseMojo.prepareRelease(PrepareReleaseMojo.java:291)
	... 23 more
[ERROR] 
[ERROR] 
[ERROR] For more information about the errors and possible solutions, please read the following articles:
[ERROR] [Help 1] http://cwiki.apache.org/confluence/display/MAVEN/MojoFailureException
